TN:
SF:src\ZettelCard.tsx
FN:28,(anonymous_0)
FN:47,(anonymous_1)
FN:48,(anonymous_2)
FN:66,(anonymous_3)
FN:82,(anonymous_4)
FN:91,(anonymous_5)
FNF:6
FNH:6
FNDA:10,(anonymous_0)
FNDA:2,(anonymous_1)
FNDA:2,(anonymous_2)
FNDA:3,(anonymous_3)
FNDA:3,(anonymous_4)
FNDA:3,(anonymous_5)
DA:1,1
DA:2,1
DA:10,1
DA:28,1
DA:43,10
DA:45,10
DA:47,10
DA:48,2
DA:51,10
DA:67,3
DA:83,3
DA:92,3
LF:12
LH:12
BRDA:64,0,0,10
BRDA:64,0,1,2
BRDA:80,1,0,10
BRDA:80,1,1,2
BRDA:89,2,0,10
BRDA:89,2,1,3
BRF:6
BRH:6
end_of_record
TN:
SF:src\components\ZettelCardFooter.tsx
FN:8,(anonymous_0)
FNF:1
FNH:1
FNDA:10,(anonymous_0)
DA:1,1
DA:8,1
DA:9,10
DA:11,10
LF:4
LH:4
BRDA:13,0,0,10
BRDA:13,0,1,2
BRF:2
BRH:2
end_of_record
TN:
SF:src\components\ZettelCardHeader.tsx
FN:11,(anonymous_0)
FNF:1
FNH:1
FNDA:10,(anonymous_0)
DA:1,1
DA:11,1
DA:12,10
DA:13,10
LF:4
LH:4
BRDA:17,0,0,10
BRDA:17,0,1,2
BRF:2
BRH:2
end_of_record
TN:
SF:src\components\ZettelCardMenu.tsx
FN:9,(anonymous_0)
FNF:1
FNH:1
FNDA:10,(anonymous_0)
DA:1,1
DA:9,1
DA:10,10
DA:11,10
DA:13,1
LF:5
LH:5
BRDA:11,0,0,9
BRDA:15,1,0,1
BRDA:15,1,1,1
BRF:3
BRH:3
end_of_record
TN:
SF:src\components\index.ts
FN:1,(anonymous_0)
FN:2,(anonymous_1)
FN:3,(anonymous_2)
FNF:3
FNH:3
FNDA:10,(anonymous_0)
FNDA:10,(anonymous_1)
FNDA:10,(anonymous_2)
DA:1,11
DA:2,11
DA:3,11
LF:3
LH:3
BRF:0
BRH:0
end_of_record
