TN:
SF:src\ZettelCard.tsx
FN:23,(anonymous_0)
FN:38,(anonymous_1)
FN:39,(anonymous_2)
FN:56,(anonymous_3)
FN:72,(anonymous_4)
FNF:5
FNH:5
FNDA:6,(anonymous_0)
FNDA:2,(anonymous_1)
FNDA:2,(anonymous_2)
FNDA:1,(anonymous_3)
FNDA:3,(anonymous_4)
DA:1,1
DA:2,1
DA:8,1
DA:23,1
DA:34,6
DA:36,6
DA:38,6
DA:39,2
DA:42,6
DA:57,1
DA:73,3
LF:11
LH:11
BRDA:54,0,0,6
BRDA:54,0,1,1
BRDA:70,1,0,6
BRDA:70,1,1,3
BRF:4
BRH:4
end_of_record
TN:
SF:src\components\ZettelCardHeader.tsx
FN:11,(anonymous_0)
FNF:1
FNH:1
FNDA:6,(anonymous_0)
DA:1,1
DA:11,1
DA:12,6
DA:13,6
LF:4
LH:4
BRDA:17,0,0,6
BRDA:17,0,1,1
BRF:2
BRH:2
end_of_record
TN:
SF:src\components\ZettelCardMenu.tsx
FN:9,(anonymous_0)
FNF:1
FNH:1
FNDA:6,(anonymous_0)
DA:1,1
DA:9,1
DA:10,6
DA:11,6
DA:13,1
LF:5
LH:5
BRDA:11,0,0,5
BRDA:15,1,0,1
BRDA:15,1,1,1
BRF:3
BRH:3
end_of_record
TN:
SF:src\components\index.ts
FN:1,(anonymous_0)
FN:2,(anonymous_1)
FNF:2
FNH:2
FNDA:6,(anonymous_0)
FNDA:6,(anonymous_1)
DA:1,7
DA:2,7
LF:2
LH:2
BRF:0
BRH:0
end_of_record
